<html>
<head>
<title>TestNG:  Tender Preparation with data provider</title>
<link href="../testng.css" rel="stylesheet" type="text/css" />
<link href="../my-testng.css" rel="stylesheet" type="text/css" />

<style type="text/css">
.log { display: none;} 
.stack-trace { display: none;} 
</style>
<script type="text/javascript">
<!--
function flip(e) {
  current = e.style.display;
  if (current == 'block') {
    e.style.display = 'none';
    return 0;
  }
  else {
    e.style.display = 'block';
    return 1;
  }
}

function toggleBox(szDivId, elem, msg1, msg2)
{
  var res = -1;  if (document.getElementById) {
    res = flip(document.getElementById(szDivId));
  }
  else if (document.all) {
    // this is the way old msie versions work
    res = flip(document.all[szDivId]);
  }
  if(elem) {
    if(res == 0) elem.innerHTML = msg1; else elem.innerHTML = msg2;
  }

}

function toggleAllBoxes() {
  if (document.getElementsByTagName) {
    d = document.getElementsByTagName('div');
    for (i = 0; i < d.length; i++) {
      if (d[i].className == 'log') {
        flip(d[i]);
      }
    }
  }
}

// -->
</script>

</head>
<body>
<h2 align='center'>Tender Preparation with data provider</h2><table border='1' align="center">
<tr>
<td>Tests passed/Failed/Skipped:</td><td>0/1/0</td>
</tr><tr>
<td>Started on:</td><td>Thu Jul 10 16:19:31 IST 2014</td>
</tr>
<tr><td>Total time:</td><td>461 seconds (461297 ms)</td>
</tr><tr>
<td>Included groups:</td><td></td>
</tr><tr>
<td>Excluded groups:</td><td></td>
</tr>
</table><p/>
<small><i>(Hover the method name to see the test class name)</i></small><p/>
<table width='100%' border='1' class='invocation-failed'>
<tr><td colspan='4' align='center'><b>FAILED TESTS</b></td></tr>
<tr><td><b>Test method</b></td>
<td width="30%"><b>Exception</b></td>
<td width="10%"><b>Time (seconds)</b></td>
<td><b>Instance</b></td>
</tr>
<tr>
<td title='com.qcbs.verifications.Tender_creation_with_data_provider.create_Tender()'><b>create_Tender</b><br>Test class: com.qcbs.verifications.Tender_creation_with_data_provider<br>Parameters: Tender Creation -1<br/>
<a href="#Output-9814936" onClick='toggleBox("Output-9814936", this, "Show output", "Hide output");'>Show output</a>

<a href="#Output-9814936" onClick="toggleAllBoxes();">Show all outputs</a>
<div class='log' id="Output-9814936">
<br></br>   <h3>Step 1:Open Given url </h3><br/>
Browser is opened for this URL: http://mphb.mp.latest.etenders.in:8080/IVM/login <h3 style=color:green>PASSED</h3><br/>
<h3>Test Case Name - Tender Prepare</h3><br/>
<h3>Test Case Serial Number - dg_cr_Ten_01</h3><br/>
<h3>Step 2:Enter the valid 'USERNAME','PASSWORD'  into Login form And click on login button</h3><br/>
'User ID:' label text verification on Login page. <h3 style=color:green>PASSED</h3><br/>
'User Id:' textbox verification on Login page. <h3 style=color:green>PASSED</h3><br/>
'Password:' Label verification on Login page. <h3 style=color:green>PASSED</h3><br/>
'Password:' textbox verification on Login page. <h3 style=color:green>PASSED</h3><br/>
'Login:' Button verification on Login page. <h3 style=color:green>PASSED</h3><br/>
<h3><u>Data Entered</u></h3><li><b> User ID :</b> 'sherlock'</li> <li><b>Password :</b> 'admin123'</li><br></br><br/>
'DashBoard:' Button verification on Dashboard page. <h3 style=color:green>PASSED</h3><br/>
'My Reports:' Button verification on Dashboard page. <h3 style=color:green>PASSED</h3><br/>
'My Briefcase:' Button verification on Dashboard page. <h3 style=color:green>PASSED</h3><br/>
 Create:' Button verification on Dashboard page. <h3 style=color:green>PASSED</h3><br/>
'Account Name:' Label verification on Dashboard page. <h3 style=color:green>PASSED</h3><br/>
<h3>Step 3:Click on Create,Click on ITT,And Select CONFIGURED WORKSFLOWS</h3><br/>
'Create New 'ITT'' Label verification on Configured Workflow page. <h3 style=color:green>PASSED</h3><br/>
'Configured Workflows' Label verification on Configured Workflow page. <h3 style=color:green>PASSED</h3><br/>
<h3>Step 4:Enter Appropiate data into Define ITT Attribute Form</h3><br/>
'You are here : ITT Preparation > Define ITT' Label verification on Define ITT Attributes page. <h3 style=color:green>PASSED</h3><br/>
'INFO' Button verification on Define ITT Attributes page. <h3 style=color:green>PASSED</h3><br/>
'SAVE' Button verification on Define ITT Attributes page. <h3 style=color:green>PASSED</h3><br/>
'SUBMIT' Button verification on Define ITT Attributes page. <h3 style=color:green>PASSED</h3><br/>
'EXIT' Button verification on Define ITT Attributes page. <h3 style=color:green>PASSED</h3><br/>
<h3><u>Data Entered</u></h3><li><b> Procurement Title :</b> 'KQTest_pr_title_thea'</li></h3><br/>
 'Logout:' label text verification on page.<h3 style=color:green>PASSED</h3><br/>
<h3>Log out Performed</h3><br/>
<h3>Test Case Name - Tender Confirm Fund</h3><br/>
<h3>Test Case Serial Number - dg_cr_Ten_02</h3><br/>
<h3>Step 5:Enter the valid 'USERNAME','PASSWORD'  into Login form And click on login button</h3><br/>
<h3><u>Data Entered</u></h3><li><b> User ID :</b> 'tommie'</li> <li><b>Password :</b> 'admin123'</li><br></br><br/>
<h3>Force Logout Performed</h3><br/>
<h3><u>Data Entered</u></h3><li><b> User ID :</b> 'tommie'</li> <li><b>Password :</b> 'admin123'</li><br></br><br/>
'INTEGRATED PROCUREMENT MANAGEMENT SYSTEM' label verification on Dashboard page. <h3 style=color:green>PASSED</h3><br/>
'Dashboard' Button verification on Dashboard page. <h3 style=color:green>PASSED</h3><br/>
'My Briefcase' Button verification on Dashboard page. <h3 style=color:green>PASSED</h3><br/>
'Edit' Button verification on Dashboard page. <h3 style=color:green>PASSED</h3><br/>
'Account Name:' Label verification on Dashboard page. <h3 style=color:green>PASSED</h3><br/>
<h3>Step 6:Click on Edit,Click on ITT,Select Tender to Proceed</h3><br/>
'View All Procurement Plan/ITT:' Label verification on Dashboard page. <h3 style=color:green>PASSED</h3><br/>
'Search:' Button verification on Dashboard page. <h3 style=color:green>PASSED</h3><br/>
<h3>Step 7:Click on Confirmation of Fund,Select Appropiate Data,Click on save</h3><br/>
'Confirmation of Funds:' Checkbox verification on Confirmation of Fund page. <h3 style=color:green>PASSED</h3><br/>
'You are here : Confirmation of Fund > Availability of Fund' Label verification on Confirmation of Fund page. <h3 style=color:green>PASSED</h3><br/>
'INFO' Button verification on Confirmation of Fund page. <h3 style=color:green>PASSED</h3><br/>
'SAVE' Button verification on Confirmation of Fund page. <h3 style=color:green>PASSED</h3><br/>
'SUBMIT' Button verification on Confirmation of Fund page. <h3 style=color:green>PASSED</h3><br/>
'EXIT' Button verification on Confirmation of Fund page. <h3 style=color:green>PASSED</h3><br/>
<h3><u>Data Entered</u></h3><li><b> Fund Available for the procurement:</b> Yes</li> <li><b>Approved Amount :</b> 7644091</li> <li><b>Revenue/Capital :</b> Revenue</li><br></br><br/>
 'Logout:' label text verification on page.<h3 style=color:green>PASSED</h3><br/>
<h3>Log out Performed</h3><br/>
<h3>Test Case Name - Tender Prepare After Confirm Fund</h3><br/>
<h3>Test Case Serial Number - dg_cr_Ten_03</h3><br/>
<h3>Step 8:Enter the valid 'USERNAME','PASSWORD'  into Login form And click on login button</h3><br/>
<h3><u>Data Entered</u></h3><li><b> User ID :</b> 'sherlock'</li> <li><b>Password :</b> 'admin123'</li><br></br><br/>
<h3>Step 9:Select Logged In As MOA Department veterinary services officers,Then Select IIT record from MY PENDING TASKS on dashboard</h3><br/>
'DashBoard:' Button verification on Dashboard page. <h3 style=color:green>PASSED</h3><br/>
'My Reports:' Button verification on Dashboard page. <h3 style=color:green>PASSED</h3><br/>
'My Briefcase:' Button verification on Dashboard page. <h3 style=color:green>PASSED</h3><br/>
 Create:' Button verification on Dashboard page. <h3 style=color:green>PASSED</h3><br/>
'Account Name:' Label verification on Dashboard page. <h3 style=color:green>PASSED</h3><br/>
<h3>Step 10:Click on Proceed button on View All Procurement Plan/ITT Page</h3><br/>
'View All Procurement Plan/ITT:' Label verification on Dashboard page. <h3 style=color:green>PASSED</h3><br/>
<br> <b>Please look to the screenshot - </b><br/>
<br><Strong><font color=#FF0000>--Failed</font></strong><br/>
<a href='../test-output/screenshots/0710162711540create_Tender.png'>0710162711540create_Tender.png</a><br/>
</div>
</td>
<td><div><pre>org.openqa.selenium.NoSuchElementException: Timed out after 10 seconds. Unable to locate the element
For documentation on this error, please visit: http://seleniumhq.org/exceptions/no_such_element.html
Build info: version: &apos;2.33.0&apos;, revision: &apos;4e90c97&apos;, time: &apos;2013-05-22 15:32:38&apos;
System info: os.name: &apos;Windows 7&apos;, os.arch: &apos;x86&apos;, os.version: &apos;6.1&apos;, java.version: &apos;1.7.0_60&apos;
Driver info: driver.version: unknown
	at org.openqa.selenium.support.pagefactory.AjaxElementLocator.findElement(AjaxElementLocator.java:72)
	at org.openqa.selenium.support.pagefactory.internal.LocatingElementHandler.invoke(LocatingElementHandler.java:34)
	at com.sun.proxy.$Proxy10.click(Unknown Source)
	at com.qcbs.pages.indexpages.IndexPage.force_logout(IndexPage.java:122)
	at com.qcbs.verifications.Tender_creation_with_data_provider.create_Tender(Tender_creation_with_data_provider.java:153)
	at sun.reflect.NativeMethodAccessorImpl.invoke0(Native Method)
	at sun.reflect.NativeMethodAccessorImpl.invoke(Unknown Source)
	at sun.reflect.DelegatingMethodAccessorImpl.invoke(Unknown Source)
	at java.lang.reflect.Method.invoke(Unknown Source)
	at org.testng.internal.MethodInvocationHelper.invokeMethod(MethodInvocationHelper.java:84)
	at org.testng.internal.Invoker.invokeMethod(Invoker.java:714)
	at org.testng.internal.Invoker.invokeTestMethod(Invoker.java:901)
	at org.testng.internal.Invoker.invokeTestMethods(Invoker.java:1231)
	at org.testng.internal.TestMethodWorker.invokeTestMethods(TestMethodWorker.java:127)
	at org.testng.internal.TestMethodWorker.run(TestMethodWorker.java:111)
	at org.testng.TestRunner.privateRun(TestRunner.java:767)
	at org.testng.TestRunner.run(TestRunner.java:617)
	at org.testng.SuiteRunner.runTest(SuiteRunner.java:334)
	at org.testng.SuiteRunner.runSequentially(SuiteRunner.java:329)
	at org.testng.SuiteRunner.privateRun(SuiteRunner.java:291)
	at org.testng.SuiteRunner.run(SuiteRunner.java:240)
	at org.testng.SuiteRunnerWorker.runSuite(SuiteRunnerWorker.java:52)
	at org.testng.SuiteRunnerWorker.run(SuiteRunnerWorker.java:86)
	at org.testng.TestNG.runSuitesSequentially(TestNG.java:1224)
	at org.testng.TestNG.runSuitesLocally(TestNG.java:1149)
	at org.testng.TestNG.run(TestNG.java:1057)
	at org.testng.remote.RemoteTestNG.run(RemoteTestNG.java:111)
	at org.testng.remote.RemoteTestNG.initAndRun(RemoteTestNG.java:204)
	at org.testng.remote.RemoteTestNG.main(RemoteTestNG.java:175)
Caused by: org.openqa.selenium.NoSuchElementException: Unable to locate element: {&quot;method&quot;:&quot;xpath&quot;,&quot;selector&quot;:&quot;.//*[@id=&apos;forcelogDiv&apos;]/input&quot;}
Command duration or timeout: 20 milliseconds
For documentation on this error, please visit: http://seleniumhq.org/exceptions/no_such_element.html
Build info: version: &apos;2.33.0&apos;, revision: &apos;4e90c97&apos;, time: &apos;2013-05-22 15:32:38&apos;
System info: os.name: &apos;Windows 7&apos;, os.arch: &apos;x86&apos;, os.version: &apos;6.1&apos;, java.version: &apos;1.6.0_22&apos;
Session ID: 39b16e67-4790-4fc3-84c5-3692b32f803a
Driver info: org.openqa.selenium.firefox.FirefoxDriver
Capabilities [{platform=XP, acceptSslCerts=true, javascriptEnabled=true, browserName=firefox, rotatable=false, locationContextEnabled=true, version=24.0, cssSelectorsEnabled=true, databaseEnabled=true, handlesAlerts=true, browserConnectionEnabled=true, nativeEvents=true, webStorageEnabled=true, applicationCacheEnabled=true, takesScreenshot=true}]
Command duration or timeout: 515 milliseconds
For documentation on this error, please visit: http://seleniumhq.org/exceptions/no_such_element.html
Build info: version: &apos;2.33.0&apos;, revision: &apos;4e90c97&apos;, time: &apos;2013-05-22 15:32:38&apos;
System info: os.name: &apos;Windows 7&apos;, os.arch: &apos;x86&apos;, os.version: &apos;6.1&apos;, java.version: &apos;1.7.0_60&apos;
Session ID: 6cb63615-4a5f-4e81-a1bf-599ea2d7cb27
Driver info: org.openqa.selenium.remote.RemoteWebDriver
Capabilities [{platform=XP, acceptSslCerts=true, javascriptEnabled=true, browserName=firefox, rotatable=false, locationContextEnabled=true, webdriver.remote.sessionid=6cb63615-4a5f-4e81-a1bf-599ea2d7cb27, version=24.0, cssSelectorsEnabled=true, databaseEnabled=true, handlesAlerts=true, browserConnectionEnabled=true, nativeEvents=true, webStorageEnabled=true, applicationCacheEnabled=true, takesScreenshot=true}]
	at sun.reflect.GeneratedConstructorAccessor23.newInstance(Unknown Source)
	at sun.reflect.DelegatingConstructorAccessorImpl.newInstance(Unknown Source)
	at java.lang.reflect.Constructor.newInstance(Unknown Source)
	at org.openqa.selenium.remote.ErrorHandler.createThrowable(ErrorHandler.java:191)
	at org.openqa.selenium.remote.ErrorHandler.throwIfResponseFailed(ErrorHandler.java:145)
	at org.openqa.selenium.remote.RemoteWebDriver.execute(RemoteWebDriver.java:554)
	at org.openqa.selenium.remote.RemoteWebDriver.findElement(RemoteWebDriver.java:307)
	at org.openqa.selenium.remote.RemoteWebDriver.findElementByXPath(RemoteWebDriver.java:404)
	at org.openqa.selenium.By$ByXPath.findElement(By.java:344)
	at org.openqa.selenium.remote.RemoteWebDriver.findElement(RemoteWebDriver.java:299)
	at org.openqa.selenium.support.pagefactory.DefaultElementLocator.findElement(DefaultElementLocator.java:59)
	at org.openqa.selenium.support.pagefactory.AjaxElementLocator.access$0(AjaxElementLocator.java:1)
	at org.openqa.selenium.support.pagefactory.AjaxElementLocator$SlowLoadingElement.isLoaded(AjaxElementLocator.java:140)
	at org.openqa.selenium.support.ui.SlowLoadableComponent.get(SlowLoadableComponent.java:70)
	at org.openqa.selenium.support.pagefactory.AjaxElementLocator.findElement(AjaxElementLocator.java:70)
	... 28 more
Caused by: org.openqa.selenium.remote.ScreenshotException: Screen shot has been taken
Build info: version: &apos;2.33.0&apos;, revision: &apos;4e90c97&apos;, time: &apos;2013-05-22 15:32:38&apos;
System info: os.name: &apos;Windows 7&apos;, os.arch: &apos;x86&apos;, os.version: &apos;6.1&apos;, java.version: &apos;1.7.0_60&apos;
Driver info: driver.version: RemoteWebDriver
	at org.openqa.selenium.remote.ErrorHandler.throwIfResponseFailed(ErrorHandler.java:125)
	... 38 more
Caused by: org.openqa.selenium.NoSuchElementException: Unable to locate element: {&quot;method&quot;:&quot;xpath&quot;,&quot;selector&quot;:&quot;.//*[@id=&apos;forcelogDiv&apos;]/input&quot;}
Command duration or timeout: 20 milliseconds
For documentation on this error, please visit: http://seleniumhq.org/exceptions/no_such_element.html
Build info: version: &apos;2.33.0&apos;, revision: &apos;4e90c97&apos;, time: &apos;2013-05-22 15:32:38&apos;
System info: os.name: &apos;Windows 7&apos;, os.arch: &apos;x86&apos;, os.version: &apos;6.1&apos;, java.version: &apos;1.6.0_22&apos;
Session ID: 39b16e67-4790-4fc3-84c5-3692b32f803a
Driver info: org.openqa.selenium.firefox.FirefoxDriver
Capabilities [{platform=XP, acceptSslCerts=true, javascriptEnabled=true, browserName=firefox, rotatable=false, locationContextEnabled=true, version=24.0, cssSelectorsEnabled=true, databaseEnabled=true, handlesAlerts=true, browserConnectionEnabled=true, nativeEvents=true, webStorageEnabled=true, applicationCacheEnabled=true, takesScreenshot=true}]
For documentation on this error, please visit: http://seleniumhq.org/exceptions/no_such_element.html
Build info: version: &apos;2.33.0&apos;, revision: &apos;4e90c97&apos;, time: &apos;2013-05-22 15:32:38&apos;
System info: os.name: &apos;Windows 7&apos;, os.arch: &apos;x86&apos;, os.version: &apos;6.1&apos;, java.version: &apos;1.7.0_60&apos;
Driver info: driver.version: EventFiringWebDriver
	at sun.reflect.GeneratedConstructorAccessor95.newInstance(Unknown Source)
	at sun.reflect.DelegatingConstructorAccessorImpl.newInstance(DelegatingConstructorAccessorImpl.java:27)
	at java.lang.reflect.Constructor.newInstance(Constructor.java:513)
	at org.openqa.selenium.remote.ErrorHandler.createThrowable(ErrorHandler.java:191)
	at org.openqa.selenium.remote.ErrorHandler.throwIfResponseFailed(ErrorHandler.java:145)
	at org.openqa.selenium.remote.RemoteWebDriver.execute(RemoteWebDriver.java:554)
	at org.openqa.selenium.remote.RemoteWebDriver.findElement(RemoteWebDriver.java:307)
	at org.openqa.selenium.remote.RemoteWebDriver.findElementByXPath(RemoteWebDriver.java:404)
	at org.openqa.selenium.By$ByXPath.findElement(By.java:344)
	at org.openqa.selenium.remote.RemoteWebDriver.findElement(RemoteWebDriver.java:299)
	at sun.reflect.GeneratedMethodAccessor30.invoke(Unknown Source)
	at sun.reflect.DelegatingMethodAccessorImpl.invoke(DelegatingMethodAccessorImpl.java:25)
	at java.lang.reflect.Method.invoke(Method.java:597)
	at org.openqa.selenium.support.events.EventFiringWebDriver$2.invoke(EventFiringWebDriver.java:101)
	at $Proxy1.findElement(Unknown Source)
	at org.openqa.selenium.support.events.EventFiringWebDriver.findElement(EventFiringWebDriver.java:180)
	at org.openqa.selenium.remote.server.handler.FindElement.call(FindElement.java:47)
	at org.openqa.selenium.remote.server.handler.FindElement.call(FindElement.java:1)
	at java.util.concurrent.FutureTask$Sync.innerRun(FutureTask.java:303)
	at java.util.concurrent.FutureTask.run(FutureTask.java:138)
	at org.openqa.selenium.remote.server.DefaultSession$1.run(DefaultSession.java:169)
	at java.util.concurrent.ThreadPoolExecutor$Worker.runTask(ThreadPoolExecutor.java:886)
	at java.util.concurrent.ThreadPoolExecutor$Worker.run(ThreadPoolExecutor.java:908)
	at java.lang.Thread.run(Thread.java:662)
</pre></div><a href='#' onClick='toggleBox("stack-trace9814936", this, "Click to show all stack frames", "Click to hide stack frames")'>Click to show all stack frames</a>
<div class='stack-trace' id='stack-trace9814936'><pre>org.openqa.selenium.NoSuchElementException: Timed out after 10 seconds. Unable to locate the element
For documentation on this error, please visit: http://seleniumhq.org/exceptions/no_such_element.html
Build info: version: &apos;2.33.0&apos;, revision: &apos;4e90c97&apos;, time: &apos;2013-05-22 15:32:38&apos;
System info: os.name: &apos;Windows 7&apos;, os.arch: &apos;x86&apos;, os.version: &apos;6.1&apos;, java.version: &apos;1.7.0_60&apos;
Driver info: driver.version: unknown
	at org.openqa.selenium.support.pagefactory.AjaxElementLocator.findElement(AjaxElementLocator.java:72)
	at org.openqa.selenium.support.pagefactory.internal.LocatingElementHandler.invoke(LocatingElementHandler.java:34)
	at com.sun.proxy.$Proxy10.click(Unknown Source)
	at com.qcbs.pages.indexpages.IndexPage.force_logout(IndexPage.java:122)
	at com.qcbs.verifications.Tender_creation_with_data_provider.create_Tender(Tender_creation_with_data_provider.java:153)
	at sun.reflect.NativeMethodAccessorImpl.invoke0(Native Method)
	at sun.reflect.NativeMethodAccessorImpl.invoke(Unknown Source)
	at sun.reflect.DelegatingMethodAccessorImpl.invoke(Unknown Source)
	at java.lang.reflect.Method.invoke(Unknown Source)
	at org.testng.internal.MethodInvocationHelper.invokeMethod(MethodInvocationHelper.java:84)
	at org.testng.internal.Invoker.invokeMethod(Invoker.java:714)
	at org.testng.internal.Invoker.invokeTestMethod(Invoker.java:901)
	at org.testng.internal.Invoker.invokeTestMethods(Invoker.java:1231)
	at org.testng.internal.TestMethodWorker.invokeTestMethods(TestMethodWorker.java:127)
	at org.testng.internal.TestMethodWorker.run(TestMethodWorker.java:111)
	at org.testng.TestRunner.privateRun(TestRunner.java:767)
	at org.testng.TestRunner.run(TestRunner.java:617)
	at org.testng.SuiteRunner.runTest(SuiteRunner.java:334)
	at org.testng.SuiteRunner.runSequentially(SuiteRunner.java:329)
	at org.testng.SuiteRunner.privateRun(SuiteRunner.java:291)
	at org.testng.SuiteRunner.run(SuiteRunner.java:240)
	at org.testng.SuiteRunnerWorker.runSuite(SuiteRunnerWorker.java:52)
	at org.testng.SuiteRunnerWorker.run(SuiteRunnerWorker.java:86)
	at org.testng.TestNG.runSuitesSequentially(TestNG.java:1224)
	at org.testng.TestNG.runSuitesLocally(TestNG.java:1149)
	at org.testng.TestNG.run(TestNG.java:1057)
	at org.testng.remote.RemoteTestNG.run(RemoteTestNG.java:111)
	at org.testng.remote.RemoteTestNG.initAndRun(RemoteTestNG.java:204)
	at org.testng.remote.RemoteTestNG.main(RemoteTestNG.java:175)
Caused by: org.openqa.selenium.NoSuchElementException: Unable to locate element: {&quot;method&quot;:&quot;xpath&quot;,&quot;selector&quot;:&quot;.//*[@id=&apos;forcelogDiv&apos;]/input&quot;}
Command duration or timeout: 20 milliseconds
For documentation on this error, please visit: http://seleniumhq.org/exceptions/no_such_element.html
Build info: version: &apos;2.33.0&apos;, revision: &apos;4e90c97&apos;, time: &apos;2013-05-22 15:32:38&apos;
System info: os.name: &apos;Windows 7&apos;, os.arch: &apos;x86&apos;, os.version: &apos;6.1&apos;, java.version: &apos;1.6.0_22&apos;
Session ID: 39b16e67-4790-4fc3-84c5-3692b32f803a
Driver info: org.openqa.selenium.firefox.FirefoxDriver
Capabilities [{platform=XP, acceptSslCerts=true, javascriptEnabled=true, browserName=firefox, rotatable=false, locationContextEnabled=true, version=24.0, cssSelectorsEnabled=true, databaseEnabled=true, handlesAlerts=true, browserConnectionEnabled=true, nativeEvents=true, webStorageEnabled=true, applicationCacheEnabled=true, takesScreenshot=true}]
Command duration or timeout: 515 milliseconds
For documentation on this error, please visit: http://seleniumhq.org/exceptions/no_such_element.html
Build info: version: &apos;2.33.0&apos;, revision: &apos;4e90c97&apos;, time: &apos;2013-05-22 15:32:38&apos;
System info: os.name: &apos;Windows 7&apos;, os.arch: &apos;x86&apos;, os.version: &apos;6.1&apos;, java.version: &apos;1.7.0_60&apos;
Session ID: 6cb63615-4a5f-4e81-a1bf-599ea2d7cb27
Driver info: org.openqa.selenium.remote.RemoteWebDriver
Capabilities [{platform=XP, acceptSslCerts=true, javascriptEnabled=true, browserName=firefox, rotatable=false, locationContextEnabled=true, webdriver.remote.sessionid=6cb63615-4a5f-4e81-a1bf-599ea2d7cb27, version=24.0, cssSelectorsEnabled=true, databaseEnabled=true, handlesAlerts=true, browserConnectionEnabled=true, nativeEvents=true, webStorageEnabled=true, applicationCacheEnabled=true, takesScreenshot=true}]
	at sun.reflect.GeneratedConstructorAccessor23.newInstance(Unknown Source)
	at sun.reflect.DelegatingConstructorAccessorImpl.newInstance(Unknown Source)
	at java.lang.reflect.Constructor.newInstance(Unknown Source)
	at org.openqa.selenium.remote.ErrorHandler.createThrowable(ErrorHandler.java:191)
	at org.openqa.selenium.remote.ErrorHandler.throwIfResponseFailed(ErrorHandler.java:145)
	at org.openqa.selenium.remote.RemoteWebDriver.execute(RemoteWebDriver.java:554)
	at org.openqa.selenium.remote.RemoteWebDriver.findElement(RemoteWebDriver.java:307)
	at org.openqa.selenium.remote.RemoteWebDriver.findElementByXPath(RemoteWebDriver.java:404)
	at org.openqa.selenium.By$ByXPath.findElement(By.java:344)
	at org.openqa.selenium.remote.RemoteWebDriver.findElement(RemoteWebDriver.java:299)
	at org.openqa.selenium.support.pagefactory.DefaultElementLocator.findElement(DefaultElementLocator.java:59)
	at org.openqa.selenium.support.pagefactory.AjaxElementLocator.access$0(AjaxElementLocator.java:1)
	at org.openqa.selenium.support.pagefactory.AjaxElementLocator$SlowLoadingElement.isLoaded(AjaxElementLocator.java:140)
	at org.openqa.selenium.support.ui.SlowLoadableComponent.get(SlowLoadableComponent.java:70)
	at org.openqa.selenium.support.pagefactory.AjaxElementLocator.findElement(AjaxElementLocator.java:70)
	... 28 more
Caused by: org.openqa.selenium.remote.ScreenshotException: Screen shot has been taken
Build info: version: &apos;2.33.0&apos;, revision: &apos;4e90c97&apos;, time: &apos;2013-05-22 15:32:38&apos;
System info: os.name: &apos;Windows 7&apos;, os.arch: &apos;x86&apos;, os.version: &apos;6.1&apos;, java.version: &apos;1.7.0_60&apos;
Driver info: driver.version: RemoteWebDriver
	at org.openqa.selenium.remote.ErrorHandler.throwIfResponseFailed(ErrorHandler.java:125)
	... 38 more
Caused by: org.openqa.selenium.NoSuchElementException: Unable to locate element: {&quot;method&quot;:&quot;xpath&quot;,&quot;selector&quot;:&quot;.//*[@id=&apos;forcelogDiv&apos;]/input&quot;}
Command duration or timeout: 20 milliseconds
For documentation on this error, please visit: http://seleniumhq.org/exceptions/no_such_element.html
Build info: version: &apos;2.33.0&apos;, revision: &apos;4e90c97&apos;, time: &apos;2013-05-22 15:32:38&apos;
System info: os.name: &apos;Windows 7&apos;, os.arch: &apos;x86&apos;, os.version: &apos;6.1&apos;, java.version: &apos;1.6.0_22&apos;
Session ID: 39b16e67-4790-4fc3-84c5-3692b32f803a
Driver info: org.openqa.selenium.firefox.FirefoxDriver
Capabilities [{platform=XP, acceptSslCerts=true, javascriptEnabled=true, browserName=firefox, rotatable=false, locationContextEnabled=true, version=24.0, cssSelectorsEnabled=true, databaseEnabled=true, handlesAlerts=true, browserConnectionEnabled=true, nativeEvents=true, webStorageEnabled=true, applicationCacheEnabled=true, takesScreenshot=true}]
For documentation on this error, please visit: http://seleniumhq.org/exceptions/no_such_element.html
Build info: version: &apos;2.33.0&apos;, revision: &apos;4e90c97&apos;, time: &apos;2013-05-22 15:32:38&apos;
System info: os.name: &apos;Windows 7&apos;, os.arch: &apos;x86&apos;, os.version: &apos;6.1&apos;, java.version: &apos;1.7.0_60&apos;
Driver info: driver.version: EventFiringWebDriver
	at sun.reflect.GeneratedConstructorAccessor95.newInstance(Unknown Source)
	at sun.reflect.DelegatingConstructorAccessorImpl.newInstance(DelegatingConstructorAccessorImpl.java:27)
	at java.lang.reflect.Constructor.newInstance(Constructor.java:513)
	at org.openqa.selenium.remote.ErrorHandler.createThrowable(ErrorHandler.java:191)
	at org.openqa.selenium.remote.ErrorHandler.throwIfResponseFailed(ErrorHandler.java:145)
	at org.openqa.selenium.remote.RemoteWebDriver.execute(RemoteWebDriver.java:554)
	at org.openqa.selenium.remote.RemoteWebDriver.findElement(RemoteWebDriver.java:307)
	at org.openqa.selenium.remote.RemoteWebDriver.findElementByXPath(RemoteWebDriver.java:404)
	at org.openqa.selenium.By$ByXPath.findElement(By.java:344)
	at org.openqa.selenium.remote.RemoteWebDriver.findElement(RemoteWebDriver.java:299)
	at sun.reflect.GeneratedMethodAccessor30.invoke(Unknown Source)
	at sun.reflect.DelegatingMethodAccessorImpl.invoke(DelegatingMethodAccessorImpl.java:25)
	at java.lang.reflect.Method.invoke(Method.java:597)
	at org.openqa.selenium.support.events.EventFiringWebDriver$2.invoke(EventFiringWebDriver.java:101)
	at $Proxy1.findElement(Unknown Source)
	at org.openqa.selenium.support.events.EventFiringWebDriver.findElement(EventFiringWebDriver.java:180)
	at org.openqa.selenium.remote.server.handler.FindElement.call(FindElement.java:47)
	at org.openqa.selenium.remote.server.handler.FindElement.call(FindElement.java:1)
	at java.util.concurrent.FutureTask$Sync.innerRun(FutureTask.java:303)
	at java.util.concurrent.FutureTask.run(FutureTask.java:138)
	at org.openqa.selenium.remote.server.DefaultSession$1.run(DefaultSession.java:169)
	at java.util.concurrent.ThreadPoolExecutor$Worker.runTask(ThreadPoolExecutor.java:886)
	at java.util.concurrent.ThreadPoolExecutor$Worker.run(ThreadPoolExecutor.java:908)
	at java.lang.Thread.run(Thread.java:662)
</pre></div></td>
<td>447</td>
<td>com.qcbs.verifications.Tender_creation_with_data_provider@1f51d36</td></tr>
</table><p>
</body>
</html>