<?xml version="1.0" encoding="UTF-8"?>
<testng-results skipped="0" failed="1" total="1" passed="0">
  <reporter-output>
    <line>
      <![CDATA[Test Case Id : Admin_001 </br>]]>
    </line>
    <line>
      <![CDATA[Test Case Name : Create New Network Discovery </stong></br>]]>
    </line>
    <line>
      <![CDATA[<stong> Step 1 : open given URL: http://27.109.14.11:8081 </br>]]>
    </line>
    <line>
      <![CDATA[<stong> Step 2 : Enter valide 'UserName' & 'Password' And Click on Login button </stong></br>]]>
    </line>
    <line>
      <![CDATA[<stong> Step 3 : Click on 'Admin' in left navigation menu. Click on 'Network Discovery' under 'Admin' section. </stong></br>]]>
    </line>
    <line>
      <![CDATA[<stong> Step 4 : Click on 'Save' button without filling Required field </stong></br>]]>
    </line>
    <line>
      <![CDATA[<center> a. click on 'Add' button </center></br>]]>
    </line>
    <line>
      <![CDATA[Create New Discovery Label is Displayed on  Create New Discovery </br>]]>
    </line>
    <line>
      <![CDATA[<center> b. click on 'save' button </center> </br>]]>
    </line>
    <line>
      <![CDATA[<center> Error Message is Displayed with Messaage As Below </br> <center>Discovery Name is required.
Credential (s) is required.
Device Type (s) is required. </center> </br> </center> </br>]]>
    </line>
    <line>
      <![CDATA[<stong> Step 5 : fill all Required field and click on save button </stong></br>]]>
    </line>
    <line>
      <![CDATA[<center> a. Successfull message is Displayes </center></br>]]>
    </line>
    <line>
      <![CDATA[<br> <b>Please look to the screenshot - </b>]]>
    </line>
    <line>
      <![CDATA[<br><Strong><font color=#FF0000>--Failed</font></strong>]]>
    </line>
    <line>
      <![CDATA[<a href='../test-output/screenshots/0808122322846CreateNewNetworkDiscovery.png'>0808122322846CreateNewNetworkDiscovery.png</a>]]>
    </line>
  </reporter-output>
  <suite name="QCBS" duration-ms="75209" started-at="2014-08-08T06:52:08Z" finished-at="2014-08-08T06:53:24Z">
    <groups>
    </groups>
    <test name="Create_New_network_Discovery" duration-ms="75209" started-at="2014-08-08T06:52:08Z" finished-at="2014-08-08T06:53:24Z">
      <class name="com.minArray.verifications.mindArray_CreateNewNetworkDiscovery_index">
        <test-method status="PASS" signature="fetchSuiteConfiguration(org.testng.ITestContext)[pri:0, instance:com.minArray.verifications.mindArray_CreateNewNetworkDiscovery_index@61ee30d2]" name="fetchSuiteConfiguration" is-config="true" duration-ms="22" started-at="2014-08-08T12:22:08Z" finished-at="2014-08-08T12:22:08Z">
          <params>
            <param index="0">
              <value>
                <![CDATA[org.testng.TestRunner@78c47bb3]]>
              </value>
            </param>
          </params>
          <reporter-output>
          </reporter-output>
        </test-method> <!-- fetchSuiteConfiguration -->
        <test-method status="PASS" signature="setUp(java.lang.reflect.Method)[pri:0, instance:com.minArray.verifications.mindArray_CreateNewNetworkDiscovery_index@61ee30d2]" name="setUp" is-config="true" duration-ms="10821" started-at="2014-08-08T12:22:08Z" finished-at="2014-08-08T12:22:19Z">
          <params>
            <param index="0">
              <value>
                <![CDATA[public void com.minArray.verifications.mindArray_CreateNewNetworkDiscovery_index.CreateNewNetworkDiscovery()]]>
              </value>
            </param>
          </params>
          <reporter-output>
          </reporter-output>
        </test-method> <!-- setUp -->
        <test-method status="FAIL" signature="CreateNewNetworkDiscovery()[pri:0, instance:com.minArray.verifications.mindArray_CreateNewNetworkDiscovery_index@61ee30d2]" name="CreateNewNetworkDiscovery" duration-ms="63128" started-at="2014-08-08T12:22:19Z" finished-at="2014-08-08T12:23:22Z">
          <exception class="org.openqa.selenium.NoSuchElementException">
            <message>
              <![CDATA[Unable to locate element: {"method":"xpath","selector":".//*[@id='containerDiv']/div/article//*[contains(text(),'Test_KQORGmvsq')]"}
Command duration or timeout: 22 milliseconds
For documentation on this error, please visit: http://seleniumhq.org/exceptions/no_such_element.html
Build info: version: '2.42.2', revision: '6a6995d', time: '2014-06-03 17:42:03'
System info: host: 'Vipulbhais-Mac-mini.local', ip: '192.168.100.109', os.name: 'Mac OS X', os.arch: 'x86_64', os.version: '10.9.2', java.version: '1.7.0_65'
Session ID: ca258523-0c97-4746-876d-cd0dafc10213
Driver info: org.openqa.selenium.firefox.FirefoxDriver
Capabilities [{platform=MAC, acceptSslCerts=true, javascriptEnabled=true, cssSelectorsEnabled=true, databaseEnabled=true, browserName=firefox, handlesAlerts=true, browserConnectionEnabled=true, webStorageEnabled=true, nativeEvents=false, rotatable=false, locationContextEnabled=true, applicationCacheEnabled=true, takesScreenshot=true, version=24.0}]
Command duration or timeout: 2.71 seconds
For documentation on this error, please visit: http://seleniumhq.org/exceptions/no_such_element.html
Build info: version: '2.33.0', revision: '4e90c97', time: '2013-05-22 15:32:38'
System info: os.name: 'Mac OS X', os.arch: 'x86_64', os.version: '10.9.2', java.version: '1.7.0_65'
Session ID: e67543ea-6834-4d54-94bc-79001cda5608
Driver info: org.openqa.selenium.remote.RemoteWebDriver
Capabilities [{platform=MAC, javascriptEnabled=true, acceptSslCerts=true, browserName=firefox, rotatable=false, locationContextEnabled=true, webdriver.remote.sessionid=e67543ea-6834-4d54-94bc-79001cda5608, version=24.0, databaseEnabled=true, cssSelectorsEnabled=true, handlesAlerts=true, browserConnectionEnabled=true, nativeEvents=false, webStorageEnabled=true, applicationCacheEnabled=true, takesScreenshot=true}]]]>
            </message>
            <full-stacktrace>
              <![CDATA[org.openqa.selenium.NoSuchElementException: Unable to locate element: {"method":"xpath","selector":".//*[@id='containerDiv']/div/article//*[contains(text(),'Test_KQORGmvsq')]"}
Command duration or timeout: 22 milliseconds
For documentation on this error, please visit: http://seleniumhq.org/exceptions/no_such_element.html
Build info: version: '2.42.2', revision: '6a6995d', time: '2014-06-03 17:42:03'
System info: host: 'Vipulbhais-Mac-mini.local', ip: '192.168.100.109', os.name: 'Mac OS X', os.arch: 'x86_64', os.version: '10.9.2', java.version: '1.7.0_65'
Session ID: ca258523-0c97-4746-876d-cd0dafc10213
Driver info: org.openqa.selenium.firefox.FirefoxDriver
Capabilities [{platform=MAC, acceptSslCerts=true, javascriptEnabled=true, cssSelectorsEnabled=true, databaseEnabled=true, browserName=firefox, handlesAlerts=true, browserConnectionEnabled=true, webStorageEnabled=true, nativeEvents=false, rotatable=false, locationContextEnabled=true, applicationCacheEnabled=true, takesScreenshot=true, version=24.0}]
Command duration or timeout: 2.71 seconds
For documentation on this error, please visit: http://seleniumhq.org/exceptions/no_such_element.html
Build info: version: '2.33.0', revision: '4e90c97', time: '2013-05-22 15:32:38'
System info: os.name: 'Mac OS X', os.arch: 'x86_64', os.version: '10.9.2', java.version: '1.7.0_65'
Session ID: e67543ea-6834-4d54-94bc-79001cda5608
Driver info: org.openqa.selenium.remote.RemoteWebDriver
Capabilities [{platform=MAC, javascriptEnabled=true, acceptSslCerts=true, browserName=firefox, rotatable=false, locationContextEnabled=true, webdriver.remote.sessionid=e67543ea-6834-4d54-94bc-79001cda5608, version=24.0, databaseEnabled=true, cssSelectorsEnabled=true, handlesAlerts=true, browserConnectionEnabled=true, nativeEvents=false, webStorageEnabled=true, applicationCacheEnabled=true, takesScreenshot=true}]
	at sun.reflect.NativeConstructorAccessorImpl.newInstance0(Native Method)
	at sun.reflect.NativeConstructorAccessorImpl.newInstance(NativeConstructorAccessorImpl.java:57)
	at sun.reflect.DelegatingConstructorAccessorImpl.newInstance(DelegatingConstructorAccessorImpl.java:45)
	at java.lang.reflect.Constructor.newInstance(Constructor.java:526)
	at org.openqa.selenium.remote.ErrorHandler.createThrowable(ErrorHandler.java:191)
	at org.openqa.selenium.remote.ErrorHandler.throwIfResponseFailed(ErrorHandler.java:145)
	at org.openqa.selenium.remote.RemoteWebDriver.execute(RemoteWebDriver.java:554)
	at org.openqa.selenium.remote.RemoteWebDriver.findElement(RemoteWebDriver.java:307)
	at org.openqa.selenium.remote.RemoteWebDriver.findElementByXPath(RemoteWebDriver.java:404)
	at org.openqa.selenium.By$ByXPath.findElement(By.java:344)
	at org.openqa.selenium.remote.RemoteWebDriver.findElement(RemoteWebDriver.java:299)
	at com.minArray.pages.indexpages.CreateNewNetworkDiscovery_IndexPage.add_Network_discovery(CreateNewNetworkDiscovery_IndexPage.java:104)
	at com.minArray.verifications.mindArray_CreateNewNetworkDiscovery_index.CreateNewNetworkDiscovery(mindArray_CreateNewNetworkDiscovery_index.java:34)
	at sun.reflect.NativeMethodAccessorImpl.invoke0(Native Method)
	at sun.reflect.NativeMethodAccessorImpl.invoke(NativeMethodAccessorImpl.java:57)
	at sun.reflect.DelegatingMethodAccessorImpl.invoke(DelegatingMethodAccessorImpl.java:43)
	at java.lang.reflect.Method.invoke(Method.java:606)
	at org.testng.internal.MethodInvocationHelper.invokeMethod(MethodInvocationHelper.java:84)
	at org.testng.internal.Invoker.invokeMethod(Invoker.java:714)
	at org.testng.internal.Invoker.invokeTestMethod(Invoker.java:901)
	at org.testng.internal.Invoker.invokeTestMethods(Invoker.java:1231)
	at org.testng.internal.TestMethodWorker.invokeTestMethods(TestMethodWorker.java:127)
	at org.testng.internal.TestMethodWorker.run(TestMethodWorker.java:111)
	at org.testng.TestRunner.privateRun(TestRunner.java:767)
	at org.testng.TestRunner.run(TestRunner.java:617)
	at org.testng.SuiteRunner.runTest(SuiteRunner.java:334)
	at org.testng.SuiteRunner.runSequentially(SuiteRunner.java:329)
	at org.testng.SuiteRunner.privateRun(SuiteRunner.java:291)
	at org.testng.SuiteRunner.run(SuiteRunner.java:240)
	at org.testng.SuiteRunnerWorker.runSuite(SuiteRunnerWorker.java:52)
	at org.testng.SuiteRunnerWorker.run(SuiteRunnerWorker.java:86)
	at org.testng.TestNG.runSuitesSequentially(TestNG.java:1224)
	at org.testng.TestNG.runSuitesLocally(TestNG.java:1149)
	at org.testng.TestNG.run(TestNG.java:1057)
	at org.testng.remote.RemoteTestNG.run(RemoteTestNG.java:111)
	at org.testng.remote.RemoteTestNG.initAndRun(RemoteTestNG.java:204)
	at org.testng.remote.RemoteTestNG.main(RemoteTestNG.java:175)
Caused by: org.openqa.selenium.remote.ScreenshotException: Screen shot has been taken
Build info: version: '2.33.0', revision: '4e90c97', time: '2013-05-22 15:32:38'
System info: os.name: 'Mac OS X', os.arch: 'x86_64', os.version: '10.9.2', java.version: '1.7.0_65'
Driver info: driver.version: RemoteWebDriver
	at org.openqa.selenium.remote.ErrorHandler.throwIfResponseFailed(ErrorHandler.java:125)
	... 31 more
Caused by: org.openqa.selenium.NoSuchElementException: Unable to locate element: {"method":"xpath","selector":".//*[@id='containerDiv']/div/article//*[contains(text(),'Test_KQORGmvsq')]"}
Command duration or timeout: 22 milliseconds
For documentation on this error, please visit: http://seleniumhq.org/exceptions/no_such_element.html
Build info: version: '2.42.2', revision: '6a6995d', time: '2014-06-03 17:42:03'
System info: host: 'Vipulbhais-Mac-mini.local', ip: '192.168.100.109', os.name: 'Mac OS X', os.arch: 'x86_64', os.version: '10.9.2', java.version: '1.7.0_65'
Session ID: ca258523-0c97-4746-876d-cd0dafc10213
Driver info: org.openqa.selenium.firefox.FirefoxDriver
Capabilities [{platform=MAC, acceptSslCerts=true, javascriptEnabled=true, cssSelectorsEnabled=true, databaseEnabled=true, browserName=firefox, handlesAlerts=true, browserConnectionEnabled=true, webStorageEnabled=true, nativeEvents=false, rotatable=false, locationContextEnabled=true, applicationCacheEnabled=true, takesScreenshot=true, version=24.0}]
For documentation on this error, please visit: http://seleniumhq.org/exceptions/no_such_element.html
Build info: version: '2.33.0', revision: '4e90c97', time: '2013-05-22 15:32:38'
System info: os.name: 'Mac OS X', os.arch: 'x86_64', os.version: '10.9.2', java.version: '1.7.0_65'
Driver info: driver.version: EventFiringWebDriver
	at sun.reflect.NativeConstructorAccessorImpl.newInstance0(Native Method)
	at sun.reflect.NativeConstructorAccessorImpl.newInstance(NativeConstructorAccessorImpl.java:57)
	at sun.reflect.DelegatingConstructorAccessorImpl.newInstance(DelegatingConstructorAccessorImpl.java:45)
	at java.lang.reflect.Constructor.newInstance(Constructor.java:526)
	at org.openqa.selenium.remote.ErrorHandler.createThrowable(ErrorHandler.java:204)
	at org.openqa.selenium.remote.ErrorHandler.throwIfResponseFailed(ErrorHandler.java:156)
	at org.openqa.selenium.remote.RemoteWebDriver.execute(RemoteWebDriver.java:599)
	at org.openqa.selenium.remote.RemoteWebDriver.findElement(RemoteWebDriver.java:352)
	at org.openqa.selenium.remote.RemoteWebDriver.findElementByXPath(RemoteWebDriver.java:449)
	at org.openqa.selenium.By$ByXPath.findElement(By.java:357)
	at org.openqa.selenium.remote.RemoteWebDriver.findElement(RemoteWebDriver.java:344)
	at sun.reflect.GeneratedMethodAccessor23.invoke(Unknown Source)
	at sun.reflect.DelegatingMethodAccessorImpl.invoke(DelegatingMethodAccessorImpl.java:43)
	at java.lang.reflect.Method.invoke(Method.java:606)
	at org.openqa.selenium.support.events.EventFiringWebDriver$2.invoke(EventFiringWebDriver.java:101)
	at com.sun.proxy.$Proxy3.findElement(Unknown Source)
	at org.openqa.selenium.support.events.EventFiringWebDriver.findElement(EventFiringWebDriver.java:184)
	at org.openqa.selenium.remote.server.handler.FindElement.call(FindElement.java:47)
	at org.openqa.selenium.remote.server.handler.FindElement.call(FindElement.java:1)
	at java.util.concurrent.FutureTask.run(FutureTask.java:262)
	at org.openqa.selenium.remote.server.DefaultSession$1.run(DefaultSession.java:169)
	at java.util.concurrent.ThreadPoolExecutor.runWorker(ThreadPoolExecutor.java:1145)
	at java.util.concurrent.ThreadPoolExecutor$Worker.run(ThreadPoolExecutor.java:615)
	at java.lang.Thread.run(Thread.java:745)
]]>
            </full-stacktrace>
          </exception> <!-- org.openqa.selenium.NoSuchElementException -->
          <reporter-output>
            <line>
              <![CDATA[Test Case Id : Admin_001 </br>]]>
            </line>
            <line>
              <![CDATA[Test Case Name : Create New Network Discovery </stong></br>]]>
            </line>
            <line>
              <![CDATA[<stong> Step 1 : open given URL: http://27.109.14.11:8081 </br>]]>
            </line>
            <line>
              <![CDATA[<stong> Step 2 : Enter valide 'UserName' & 'Password' And Click on Login button </stong></br>]]>
            </line>
            <line>
              <![CDATA[<stong> Step 3 : Click on 'Admin' in left navigation menu. Click on 'Network Discovery' under 'Admin' section. </stong></br>]]>
            </line>
            <line>
              <![CDATA[<stong> Step 4 : Click on 'Save' button without filling Required field </stong></br>]]>
            </line>
            <line>
              <![CDATA[<center> a. click on 'Add' button </center></br>]]>
            </line>
            <line>
              <![CDATA[Create New Discovery Label is Displayed on  Create New Discovery </br>]]>
            </line>
            <line>
              <![CDATA[<center> b. click on 'save' button </center> </br>]]>
            </line>
            <line>
              <![CDATA[<center> Error Message is Displayed with Messaage As Below </br> <center>Discovery Name is required.
Credential (s) is required.
Device Type (s) is required. </center> </br> </center> </br>]]>
            </line>
            <line>
              <![CDATA[<stong> Step 5 : fill all Required field and click on save button </stong></br>]]>
            </line>
            <line>
              <![CDATA[<center> a. Successfull message is Displayes </center></br>]]>
            </line>
            <line>
              <![CDATA[<br> <b>Please look to the screenshot - </b>]]>
            </line>
            <line>
              <![CDATA[<br><Strong><font color=#FF0000>--Failed</font></strong>]]>
            </line>
            <line>
              <![CDATA[<a href='../test-output/screenshots/0808122322846CreateNewNetworkDiscovery.png'>0808122322846CreateNewNetworkDiscovery.png</a>]]>
            </line>
          </reporter-output>
        </test-method> <!-- CreateNewNetworkDiscovery -->
        <test-method status="PASS" signature="tearDown(org.testng.ITestResult)[pri:0, instance:com.minArray.verifications.mindArray_CreateNewNetworkDiscovery_index@61ee30d2]" name="tearDown" is-config="true" duration-ms="1194" started-at="2014-08-08T12:23:22Z" finished-at="2014-08-08T12:23:24Z">
          <params>
            <param index="0">
              <value>
                <![CDATA[[TestResult name=CreateNewNetworkDiscovery status=FAILURE method=mindArray_CreateNewNetworkDiscovery_index.CreateNewNetworkDiscovery()[pri:0, instance:com.minArray.verifications.mindArray_CreateNewNetworkDiscovery_index@61ee30d2] output=Test Case Id : Admin_001 </br>]]]>
              </value>
            </param>
          </params>
          <reporter-output>
          </reporter-output>
        </test-method> <!-- tearDown -->
      </class> <!-- com.minArray.verifications.mindArray_CreateNewNetworkDiscovery_index -->
    </test> <!-- Create_New_network_Discovery -->
  </suite> <!-- QCBS -->
</testng-results>
